{
  "RSpec": {
    "coverage": {
      "/Users/rob/Drive/makers/proper/week2/oystercard/spec/journey_spec.rb": [
        1,
        null,
        1,
        6,
        3,
        null,
        null,
        6,
        1,
        2,
        1,
        1,
        null,
        1,
        1,
        null,
        null,
        null,
        1,
        1,
        1,
        1,
        null,
        1,
        1,
        1,
        null,
        1,
        1,
        null,
        null,
        null,
        null
      ],
      "/Users/rob/Drive/makers/proper/week2/oystercard/lib/journey.rb": [
        1,
        null,
        1,
        1,
        null,
        1,
        15,
        15,
        null,
        null,
        1,
        2,
        null,
        null,
        1,
        1,
        null,
        null,
        1,
        1,
        null,
        null,
        1,
        2,
        2,
        null,
        null,
        1,
        7,
        null,
        null
      ],
      "/Users/rob/Drive/makers/proper/week2/oystercard/spec/oystercard_spec.rb": [
        1,
        1,
        null,
        11,
        7,
        1,
        1,
        null,
        null,
        1,
        1,
        1,
        4,
        null,
        1,
        1,
        2,
        null,
        null,
        null,
        1,
        2,
        null,
        null,
        1,
        1,
        2,
        null,
        1,
        4,
        1,
        1,
        1,
        null,
        1,
        1,
        1,
        null,
        1,
        1,
        null,
        null,
        null,
        1,
        6,
        1,
        null,
        1,
        1,
        null,
        1,
        1,
        1,
        null,
        1,
        4,
        null,
        1,
        1,
        1,
        null,
        1,
        1,
        1,
        null,
        null,
        null,
        null,
        1,
        2,
        null,
        null,
        1,
        null,
        1,
        1,
        1,
        4,
        null,
        null,
        1,
        4,
        null,
        null,
        null,
        null,
        null
      ],
      "/Users/rob/Drive/makers/proper/week2/oystercard/lib/Oystercard.rb": [
        1,
        1,
        1,
        1,
        null,
        1,
        16,
        16,
        null,
        null,
        1,
        11,
        11,
        10,
        null,
        null,
        1,
        6,
        null,
        null,
        1,
        10,
        9,
        9,
        null,
        null,
        1,
        6,
        6,
        6,
        6,
        null,
        null,
        1,
        3,
        null,
        null
      ],
      "/Users/rob/Drive/makers/proper/week2/oystercard/spec/station_spec.rb": [
        1,
        null,
        1,
        3,
        null,
        1,
        1,
        null,
        null,
        1,
        1,
        null,
        null,
        null
      ],
      "/Users/rob/Drive/makers/proper/week2/oystercard/lib/station.rb": [
        1,
        1,
        null,
        1,
        2,
        2,
        null,
        null
      ]
    },
    "timestamp": 1484240079
  }
}
